<?xml version="1.0" encoding="UTF-8"?>
<testng-results skipped="0" failed="0" ignored="0" total="1" passed="1">
  <reporter-output>
  </reporter-output>
  <suite name="Default suite" duration-ms="41571" started-at="2023-01-29T12:03:15 IST" finished-at="2023-01-29T12:03:57 IST">
    <groups>
    </groups>
    <test name="Default test" duration-ms="41571" started-at="2023-01-29T12:03:15 IST" finished-at="2023-01-29T12:03:57 IST">
      <class name="week3.day2.LearnTraceViewer">
        <test-method status="PASS" signature="get_network_data()[pri:0, instance:week3.day2.LearnTraceViewer@7b69c6ba]" name="get_network_data" duration-ms="41519" started-at="2023-01-29T12:03:15 IST" finished-at="2023-01-29T12:03:57 IST">
          <reporter-output>
          </reporter-output>
        </test-method> <!-- get_network_data -->
      </class> <!-- week3.day2.LearnTraceViewer -->
    </test> <!-- Default test -->
  </suite> <!-- Default suite -->
</testng-results>
